<?xml version="1.0" encoding="UTF-8"?>
<!-- Generated by org.testng.reporters.JUnitReportReporter -->
<testsuite hostname="MacBook-Pro-de-Diego.local" failures="0" tests="100" name="calculator.TranslatorImplTest" time="0.174" errors="0" timestamp="26 Jun 2020 13:51:31 GMT">
  <testcase classname="calculator.TranslatorImplTest" name="testTranslateDummy" time="0.000"/>
  <testcase classname="calculator.TranslatorImplTest" name="testTranslateDummy" time="0.000"/>
  <testcase classname="calculator.TranslatorImplTest" name="testTranslateDummy" time="0.009"/>
  <testcase classname="calculator.TranslatorImplTest" name="testTranslateDummy" time="0.000"/>
  <testcase classname="calculator.TranslatorImplTest" name="testTranslateDummy" time="0.000"/>
  <testcase classname="calculator.TranslatorImplTest" name="testTranslateDummy" time="0.000"/>
  <testcase classname="calculator.TranslatorImplTest" name="testTranslateDummy" time="0.001"/>
  <testcase classname="calculator.TranslatorImplTest" name="testTranslateDummy" time="0.000"/>
  <testcase classname="calculator.TranslatorImplTest" name="testTranslateDummy" time="0.000"/>
  <testcase classname="calculator.TranslatorImplTest" name="testTranslateDummy" time="0.000"/>
  <testcase classname="calculator.TranslatorImplTest" name="testTranslateDummy" time="0.000"/>
  <testcase classname="calculator.TranslatorImplTest" name="testTranslateDummy" time="0.003"/>
  <testcase classname="calculator.TranslatorImplTest" name="testTranslateDummy" time="0.002"/>
  <testcase classname="calculator.TranslatorImplTest" name="testTranslateDummy" time="0.003"/>
  <testcase classname="calculator.TranslatorImplTest" name="testTranslateDummy" time="0.000"/>
  <testcase classname="calculator.TranslatorImplTest" name="testTranslateDummy" time="0.000"/>
  <testcase classname="calculator.TranslatorImplTest" name="testTranslateDummy" time="0.000"/>
  <testcase classname="calculator.TranslatorImplTest" name="testTranslateDummy" time="0.000"/>
  <testcase classname="calculator.TranslatorImplTest" name="testTranslateDummy" time="0.000"/>
  <testcase classname="calculator.TranslatorImplTest" name="testTranslateDummy" time="0.001"/>
  <testcase classname="calculator.TranslatorImplTest" name="testTranslateDummy" time="0.001"/>
  <testcase classname="calculator.TranslatorImplTest" name="testTranslateDummy" time="0.008"/>
  <testcase classname="calculator.TranslatorImplTest" name="testTranslateDummy" time="0.000"/>
  <testcase classname="calculator.TranslatorImplTest" name="testTranslateDummy" time="0.007"/>
  <testcase classname="calculator.TranslatorImplTest" name="testTranslateDummy" time="0.004"/>
  <testcase classname="calculator.TranslatorImplTest" name="testTranslateDummy" time="0.001"/>
  <testcase classname="calculator.TranslatorImplTest" name="testTranslateDummy" time="0.000"/>
  <testcase classname="calculator.TranslatorImplTest" name="testTranslateDummy" time="0.003"/>
  <testcase classname="calculator.TranslatorImplTest" name="testTranslateDummy" time="0.000"/>
  <testcase classname="calculator.TranslatorImplTest" name="testTranslateDummy" time="0.013"/>
  <testcase classname="calculator.TranslatorImplTest" name="testTranslateDummy" time="0.000"/>
  <testcase classname="calculator.TranslatorImplTest" name="testTranslateDummy" time="0.003"/>
  <testcase classname="calculator.TranslatorImplTest" name="testTranslateDummy" time="0.000"/>
  <testcase classname="calculator.TranslatorImplTest" name="testTranslateDummy" time="0.013"/>
  <testcase classname="calculator.TranslatorImplTest" name="testTranslateDummy" time="0.000"/>
  <testcase classname="calculator.TranslatorImplTest" name="testTranslateDummy" time="0.000"/>
  <testcase classname="calculator.TranslatorImplTest" name="testTranslateDummy" time="0.013"/>
  <testcase classname="calculator.TranslatorImplTest" name="testTranslateDummy" time="0.001"/>
  <testcase classname="calculator.TranslatorImplTest" name="testTranslateDummy" time="0.003"/>
  <testcase classname="calculator.TranslatorImplTest" name="testTranslateDummy" time="0.000"/>
  <testcase classname="calculator.TranslatorImplTest" name="testTranslateDummy" time="0.005"/>
  <testcase classname="calculator.TranslatorImplTest" name="testTranslateDummy" time="0.001"/>
  <testcase classname="calculator.TranslatorImplTest" name="testTranslateDummy" time="0.000"/>
  <testcase classname="calculator.TranslatorImplTest" name="testTranslateDummy" time="0.000"/>
  <testcase classname="calculator.TranslatorImplTest" name="testTranslateDummy" time="0.000"/>
  <testcase classname="calculator.TranslatorImplTest" name="testTranslateDummy" time="0.002"/>
  <testcase classname="calculator.TranslatorImplTest" name="testTranslateDummy" time="0.001"/>
  <testcase classname="calculator.TranslatorImplTest" name="testTranslateDummy" time="0.000"/>
  <testcase classname="calculator.TranslatorImplTest" name="testTranslateDummy" time="0.001"/>
  <testcase classname="calculator.TranslatorImplTest" name="testTranslateDummy" time="0.000"/>
  <testcase classname="calculator.TranslatorImplTest" name="testTranslateDummy" time="0.003"/>
  <testcase classname="calculator.TranslatorImplTest" name="testTranslateDummy" time="0.001"/>
  <testcase classname="calculator.TranslatorImplTest" name="testTranslateDummy" time="0.000"/>
  <testcase classname="calculator.TranslatorImplTest" name="testTranslateDummy" time="0.001"/>
  <testcase classname="calculator.TranslatorImplTest" name="testTranslateDummy" time="0.000"/>
  <testcase classname="calculator.TranslatorImplTest" name="testTranslateDummy" time="0.001"/>
  <testcase classname="calculator.TranslatorImplTest" name="testTranslateDummy" time="0.000"/>
  <testcase classname="calculator.TranslatorImplTest" name="testTranslateDummy" time="0.001"/>
  <testcase classname="calculator.TranslatorImplTest" name="testTranslateDummy" time="0.000"/>
  <testcase classname="calculator.TranslatorImplTest" name="testTranslateDummy" time="0.000"/>
  <testcase classname="calculator.TranslatorImplTest" name="testTranslateDummy" time="0.001"/>
  <testcase classname="calculator.TranslatorImplTest" name="testTranslateDummy" time="0.000"/>
  <testcase classname="calculator.TranslatorImplTest" name="testTranslateDummy" time="0.001"/>
  <testcase classname="calculator.TranslatorImplTest" name="testTranslateDummy" time="0.013"/>
  <testcase classname="calculator.TranslatorImplTest" name="testTranslateDummy" time="0.001"/>
  <testcase classname="calculator.TranslatorImplTest" name="testTranslateDummy" time="0.000"/>
  <testcase classname="calculator.TranslatorImplTest" name="testTranslateDummy" time="0.000"/>
  <testcase classname="calculator.TranslatorImplTest" name="testTranslateDummy" time="0.000"/>
  <testcase classname="calculator.TranslatorImplTest" name="testTranslateDummy" time="0.000"/>
  <testcase classname="calculator.TranslatorImplTest" name="testTranslateDummy" time="0.001"/>
  <testcase classname="calculator.TranslatorImplTest" name="testTranslateDummy" time="0.000"/>
  <testcase classname="calculator.TranslatorImplTest" name="testTranslateDummy" time="0.000"/>
  <testcase classname="calculator.TranslatorImplTest" name="testTranslateDummy" time="0.002"/>
  <testcase classname="calculator.TranslatorImplTest" name="testTranslateDummy" time="0.000"/>
  <testcase classname="calculator.TranslatorImplTest" name="testTranslateDummy" time="0.002"/>
  <testcase classname="calculator.TranslatorImplTest" name="testTranslateDummy" time="0.001"/>
  <testcase classname="calculator.TranslatorImplTest" name="testTranslateDummy" time="0.001"/>
  <testcase classname="calculator.TranslatorImplTest" name="testTranslateDummy" time="0.001"/>
  <testcase classname="calculator.TranslatorImplTest" name="testTranslateDummy" time="0.001"/>
  <testcase classname="calculator.TranslatorImplTest" name="testTranslateDummy" time="0.013"/>
  <testcase classname="calculator.TranslatorImplTest" name="testTranslateDummy" time="0.000"/>
  <testcase classname="calculator.TranslatorImplTest" name="testTranslateDummy" time="0.003"/>
  <testcase classname="calculator.TranslatorImplTest" name="testTranslateDummy" time="0.000"/>
  <testcase classname="calculator.TranslatorImplTest" name="testTranslateDummy" time="0.003"/>
  <testcase classname="calculator.TranslatorImplTest" name="testTranslateDummy" time="0.001"/>
  <testcase classname="calculator.TranslatorImplTest" name="testTranslateDummy" time="0.000"/>
  <testcase classname="calculator.TranslatorImplTest" name="testTranslateDummy" time="0.001"/>
  <testcase classname="calculator.TranslatorImplTest" name="testTranslateDummy" time="0.006"/>
  <testcase classname="calculator.TranslatorImplTest" name="testTranslateDummy" time="0.006"/>
  <testcase classname="calculator.TranslatorImplTest" name="testTranslateDummy" time="0.000"/>
  <testcase classname="calculator.TranslatorImplTest" name="testTranslateDummy" time="0.001"/>
  <testcase classname="calculator.TranslatorImplTest" name="testTranslateDummy" time="0.001"/>
  <testcase classname="calculator.TranslatorImplTest" name="testTranslateDummy" time="0.000"/>
  <testcase classname="calculator.TranslatorImplTest" name="testTranslateDummy" time="0.000"/>
  <testcase classname="calculator.TranslatorImplTest" name="testTranslateDummy" time="0.000"/>
  <testcase classname="calculator.TranslatorImplTest" name="testTranslateDummy" time="0.000"/>
  <testcase classname="calculator.TranslatorImplTest" name="testTranslateDummy" time="0.001"/>
  <testcase classname="calculator.TranslatorImplTest" name="testTranslateDummy" time="0.000"/>
  <testcase classname="calculator.TranslatorImplTest" name="testTranslateDummy" time="0.007"/>
  <testcase classname="calculator.TranslatorImplTest" name="testTranslateDummy" time="0.000"/>
</testsuite> <!-- calculator.TranslatorImplTest -->
